Log file open, 06/15/17 17:09:50
LogInit:Display: Running engine for game: TED_r2017
LogPlatformFile: Not using cached read wrapper
LogInit:Display: RandInit(-1754771994) SRandInit(-1754771994).
LogTaskGraph: Started task graph with 5 named threads and 8 total threads with 1 sets of task threads.
LogStats: Stats thread started at 0.274567
LogPluginManager: Loaded Plugin Paper2D, From C:/Program Files (x86)/Epic Games/4.13/Engine/Plugins/2D/Paper2D/Paper2D.uplugin
LogPluginManager: Loaded Plugin AdvancedSessions, From C:/Program Files (x86)/Epic Games/4.13/Engine/Plugins/AdvancedSessions/AdvancedSessions.uplugin
LogPluginManager: Loaded Plugin LightPropagationVolume, From C:/Program Files (x86)/Epic Games/4.13/Engine/Plugins/Blendables/LightPropagationVolume/LightPropagationVolume.uplugin
LogPluginManager: Loaded Plugin BlankPlugin, From C:/Program Files (x86)/Epic Games/4.13/Engine/Plugins/Developer/BlankPlugin/BlankPlugin.uplugin
LogPluginManager: Loaded Plugin CodeLiteSourceCodeAccess, From C:/Program Files (x86)/Epic Games/4.13/Engine/Plugins/Developer/CodeLiteSourceCodeAccess/CodeLiteSourceCodeAccess.uplugin
LogPluginManager: Loaded Plugin GitSourceControl, From C:/Program Files (x86)/Epic Games/4.13/Engine/Plugins/Developer/GitSourceControl/GitSourceControl.uplugin
LogPluginManager: Loaded Plugin KDevelopSourceCodeAccess, From C:/Program Files (x86)/Epic Games/4.13/Engine/Plugins/Developer/KDevelopSourceCodeAccess/KDevelopSourceCodeAccess.uplugin
LogPluginManager: Loaded Plugin NullSourceCodeAccess, From C:/Program Files (x86)/Epic Games/4.13/Engine/Plugins/Developer/NullSourceCodeAccess/NullSourceCodeAccess.uplugin
LogPluginManager: Loaded Plugin OneSkyLocalizationService, From C:/Program Files (x86)/Epic Games/4.13/Engine/Plugins/Developer/OneSkyLocalizationService/OneSkyLocalizationService.uplugin
LogPluginManager: Loaded Plugin PerforceSourceControl, From C:/Program Files (x86)/Epic Games/4.13/Engine/Plugins/Developer/PerforceSourceControl/PerforceSourceControl.uplugin
LogPluginManager: Loaded Plugin SubversionSourceControl, From C:/Program Files (x86)/Epic Games/4.13/Engine/Plugins/Developer/SubversionSourceControl/SubversionSourceControl.uplugin
LogPluginManager: Loaded Plugin UObjectPlugin, From C:/Program Files (x86)/Epic Games/4.13/Engine/Plugins/Developer/UObjectPlugin/UObjectPlugin.uplugin
LogPluginManager: Loaded Plugin VisualStudioSourceCodeAccess, From C:/Program Files (x86)/Epic Games/4.13/Engine/Plugins/Developer/VisualStudioSourceCodeAccess/VisualStudioSourceCodeAccess.uplugin
LogPluginManager: Loaded Plugin XCodeSourceCodeAccess, From C:/Program Files (x86)/Epic Games/4.13/Engine/Plugins/Developer/XCodeSourceCodeAccess/XCodeSourceCodeAccess.uplugin
LogPluginManager: Loaded Plugin EpicSurvey, From C:/Program Files (x86)/Epic Games/4.13/Engine/Plugins/Editor/EpicSurvey/EpicSurvey.uplugin
LogPluginManager: Loaded Plugin MacGraphicsSwitching, From C:/Program Files (x86)/Epic Games/4.13/Engine/Plugins/Editor/MacGraphicsSwitching/MacGraphicsSwitching.uplugin
LogPluginManager: Loaded Plugin MobileLauncherProfileWizard, From C:/Program Files (x86)/Epic Games/4.13/Engine/Plugins/Editor/MobileLauncherProfileWizard/MobileLauncherProfileWizard.uplugin
LogPluginManager: Loaded Plugin PluginBrowser, From C:/Program Files (x86)/Epic Games/4.13/Engine/Plugins/Editor/PluginBrowser/PluginBrowser.uplugin
LogPluginManager: Loaded Plugin SpeedTreeImporter, From C:/Program Files (x86)/Epic Games/4.13/Engine/Plugins/Editor/SpeedTreeImporter/SpeedTreeImporter.uplugin
LogPluginManager: Loaded Plugin SuperSearchEditor, From C:/Program Files (x86)/Epic Games/4.13/Engine/Plugins/Editor/SuperSearchEditor/SuperSearchEditor.uplugin
LogPluginManager: Loaded Plugin AlembicImporter, From C:/Program Files (x86)/Epic Games/4.13/Engine/Plugins/Experimental/AlembicImporter/AlembicImporter.uplugin
LogPluginManager: Loaded Plugin BlueprintStats, From C:/Program Files (x86)/Epic Games/4.13/Engine/Plugins/Experimental/BlueprintStats/BlueprintStats.uplugin
LogPluginManager: Loaded Plugin CharacterAI, From C:/Program Files (x86)/Epic Games/4.13/Engine/Plugins/Experimental/CharacterAI/CharacterAI.uplugin
LogPluginManager: Loaded Plugin CodeEditor, From C:/Program Files (x86)/Epic Games/4.13/Engine/Plugins/Experimental/CodeEditor/CodeEditor.uplugin
LogPluginManager: Loaded Plugin CodeView, From C:/Program Files (x86)/Epic Games/4.13/Engine/Plugins/Experimental/CodeView/CodeView.uplugin
LogPluginManager: Loaded Plugin HTML5Networking, From C:/Program Files (x86)/Epic Games/4.13/Engine/Plugins/Experimental/HTML5Networking/HTML5Networking.uplugin
LogPluginManager: Loaded Plugin LiveEditor, From C:/Program Files (x86)/Epic Games/4.13/Engine/Plugins/Experimental/LiveEditor/LiveEditor.uplugin
LogPluginManager: Loaded Plugin OSVR, From C:/Program Files (x86)/Epic Games/4.13/Engine/Plugins/Experimental/OSVR/OSVR.uplugin
LogPluginManager: Loaded Plugin Phya, From C:/Program Files (x86)/Epic Games/4.13/Engine/Plugins/Experimental/Phya/Phya.uplugin
LogPluginManager: Loaded Plugin SignificanceManager, From C:/Program Files (x86)/Epic Games/4.13/Engine/Plugins/Experimental/SignificanceManager/SignificanceManager.uplugin
LogPluginManager: Loaded Plugin SimpleHMD, From C:/Program Files (x86)/Epic Games/4.13/Engine/Plugins/Experimental/SimpleHMD/SimpleHMD.uplugin
LogPluginManager: Loaded Plugin StereoPanorama, From C:/Program Files (x86)/Epic Games/4.13/Engine/Plugins/Experimental/StereoPanorama/StereoPanorama.uplugin
LogPluginManager: Loaded Plugin StructBox, From C:/Program Files (x86)/Epic Games/4.13/Engine/Plugins/Experimental/StructBox/StructBox.uplugin
LogPluginManager: Loaded Plugin AndroidMedia, From C:/Program Files (x86)/Epic Games/4.13/Engine/Plugins/Media/AndroidMedia/AndroidMedia.uplugin
LogPluginManager: Loaded Plugin AvfMedia, From C:/Program Files (x86)/Epic Games/4.13/Engine/Plugins/Media/AvfMedia/AvfMedia.uplugin
LogPluginManager: Loaded Plugin MediaPlayerEditor, From C:/Program Files (x86)/Epic Games/4.13/Engine/Plugins/Media/MediaPlayerEditor/MediaPlayerEditor.uplugin
LogPluginManager: Loaded Plugin WmfMedia, From C:/Program Files (x86)/Epic Games/4.13/Engine/Plugins/Media/WmfMedia/WmfMedia.uplugin
LogPluginManager: Loaded Plugin MessagingDebugger, From C:/Program Files (x86)/Epic Games/4.13/Engine/Plugins/Messaging/MessagingDebugger/MessagingDebugger.uplugin
LogPluginManager: Loaded Plugin TcpMessaging, From C:/Program Files (x86)/Epic Games/4.13/Engine/Plugins/Messaging/TcpMessaging/TcpMessaging.uplugin
LogPluginManager: Loaded Plugin UdpMessaging, From C:/Program Files (x86)/Epic Games/4.13/Engine/Plugins/Messaging/UdpMessaging/UdpMessaging.uplugin
LogPluginManager: Loaded Plugin LevelSequenceEditor, From C:/Program Files (x86)/Epic Games/4.13/Engine/Plugins/MovieScene/LevelSequenceEditor/LevelSequenceEditor.uplugin
LogPluginManager: Loaded Plugin MatineeToLevelSequence, From C:/Program Files (x86)/Epic Games/4.13/Engine/Plugins/MovieScene/MatineeToLevelSequence/MatineeToLevelSequence.uplugin
LogPluginManager: Loaded Plugin NetcodeUnitTest, From C:/Program Files (x86)/Epic Games/4.13/Engine/Plugins/NetcodeUnitTest/NetcodeUnitTest/NetcodeUnitTest.uplugin
LogPluginManager: Loaded Plugin NUTUnrealEngine4, From C:/Program Files (x86)/Epic Games/4.13/Engine/Plugins/NetcodeUnitTest/NUTUnrealEngine4/NUTUnrealEngine4.uplugin
LogPluginManager: Loaded Plugin OnlineSubsystemGooglePlay, From C:/Program Files (x86)/Epic Games/4.13/Engine/Plugins/Online/Android/OnlineSubsystemGooglePlay/OnlineSubsystemGooglePlay.uplugin
LogPluginManager: Loaded Plugin OnlineSubsystemIOS, From C:/Program Files (x86)/Epic Games/4.13/Engine/Plugins/Online/IOS/OnlineSubsystemIOS/OnlineSubsystemIOS.uplugin
LogPluginManager: Loaded Plugin OnlineFramework, From C:/Program Files (x86)/Epic Games/4.13/Engine/Plugins/Online/OnlineFramework/OnlineFramework.uplugin
LogPluginManager: Loaded Plugin OnlineSubsystem, From C:/Program Files (x86)/Epic Games/4.13/Engine/Plugins/Online/OnlineSubsystem/OnlineSubsystem.uplugin
LogPluginManager: Loaded Plugin OnlineSubsystemAmazon, From C:/Program Files (x86)/Epic Games/4.13/Engine/Plugins/Online/OnlineSubsystemAmazon/OnlineSubsystemAmazon.uplugin
LogPluginManager: Loaded Plugin OnlineSubsystemFacebook, From C:/Program Files (x86)/Epic Games/4.13/Engine/Plugins/Online/OnlineSubsystemFacebook/OnlineSubsystemFacebook.uplugin
LogPluginManager: Loaded Plugin OnlineSubsystemNull, From C:/Program Files (x86)/Epic Games/4.13/Engine/Plugins/Online/OnlineSubsystemNull/OnlineSubsystemNull.uplugin
LogPluginManager: Loaded Plugin OnlineSubsystemOculus, From C:/Program Files (x86)/Epic Games/4.13/Engine/Plugins/Online/OnlineSubsystemOculus/OnlineSubsystemOculus.uplugin
LogPluginManager: Loaded Plugin OnlineSubsystemSteam, From C:/Program Files (x86)/Epic Games/4.13/Engine/Plugins/Online/OnlineSubsystemSteam/OnlineSubsystemSteam.uplugin
LogPluginManager: Loaded Plugin OnlineSubsystemUtils, From C:/Program Files (x86)/Epic Games/4.13/Engine/Plugins/Online/OnlineSubsystemUtils/OnlineSubsystemUtils.uplugin
LogPluginManager: Loaded Plugin IOSTapJoy, From C:/Program Files (x86)/Epic Games/4.13/Engine/Plugins/Runtime/Advertising/IOSTapJoy/IOSTapJoy.uplugin
LogPluginManager: Loaded Plugin AnalyticsBlueprintLibrary, From C:/Program Files (x86)/Epic Games/4.13/Engine/Plugins/Runtime/Analytics/AnalyticsBlueprintLibrary/AnalyticsBlueprintLibrary.uplugin
LogPluginManager: Loaded Plugin AnalyticsMulticast, From C:/Program Files (x86)/Epic Games/4.13/Engine/Plugins/Runtime/Analytics/AnalyticsMulticast/AnalyticsMulticast.uplugin
LogPluginManager: Loaded Plugin Apsalar, From C:/Program Files (x86)/Epic Games/4.13/Engine/Plugins/Runtime/Analytics/Apsalar/Apsalar.uplugin
LogPluginManager: Loaded Plugin FileLogging, From C:/Program Files (x86)/Epic Games/4.13/Engine/Plugins/Runtime/Analytics/FileLogging/FileLogging.uplugin
LogPluginManager: Loaded Plugin Flurry, From C:/Program Files (x86)/Epic Games/4.13/Engine/Plugins/Runtime/Analytics/Flurry/Flurry.uplugin
LogPluginManager: Loaded Plugin AndroidDeviceProfileSelector, From C:/Program Files (x86)/Epic Games/4.13/Engine/Plugins/Runtime/AndroidDeviceProfileSelector/AndroidDeviceProfileSelector.uplugin
LogPluginManager: Loaded Plugin AndroidMoviePlayer, From C:/Program Files (x86)/Epic Games/4.13/Engine/Plugins/Runtime/AndroidMoviePlayer/AndroidMoviePlayer.uplugin
LogPluginManager: Loaded Plugin AppleMoviePlayer, From C:/Program Files (x86)/Epic Games/4.13/Engine/Plugins/Runtime/AppleMoviePlayer/AppleMoviePlayer.uplugin
LogPluginManager: Loaded Plugin ArchVisCharacter, From C:/Program Files (x86)/Epic Games/4.13/Engine/Plugins/Runtime/ArchVisCharacter/ArchVisCharacter.uplugin
LogPluginManager: Loaded Plugin CableComponent, From C:/Program Files (x86)/Epic Games/4.13/Engine/Plugins/Runtime/CableComponent/CableComponent.uplugin
LogPluginManager: Loaded Plugin CustomMeshComponent, From C:/Program Files (x86)/Epic Games/4.13/Engine/Plugins/Runtime/CustomMeshComponent/CustomMeshComponent.uplugin
LogPluginManager: Loaded Plugin ExampleDeviceProfileSelector, From C:/Program Files (x86)/Epic Games/4.13/Engine/Plugins/Runtime/ExampleDeviceProfileSelector/ExampleDeviceProfileSelector.uplugin
LogPluginManager: Loaded Plugin GearVR, From C:/Program Files (x86)/Epic Games/4.13/Engine/Plugins/Runtime/GearVR/GearVR.uplugin
LogPluginManager: Loaded Plugin GoogleVRController, From C:/Program Files (x86)/Epic Games/4.13/Engine/Plugins/Runtime/GoogleVR/GoogleVRController/GoogleVRController.uplugin
LogPluginManager: Loaded Plugin GoogleVRHMD, From C:/Program Files (x86)/Epic Games/4.13/Engine/Plugins/Runtime/GoogleVR/GoogleVRHMD/GoogleVRHMD.uplugin
LogPluginManager: Loaded Plugin IOSDeviceProfileSelector, From C:/Program Files (x86)/Epic Games/4.13/Engine/Plugins/Runtime/IOSDeviceProfileSelector/IOSDeviceProfileSelector.uplugin
LogPluginManager: Loaded Plugin LeapMotion, From C:/Program Files (x86)/Epic Games/4.13/Engine/Plugins/Runtime/LeapMotion/LeapMotion.uplugin
LogPluginManager: Loaded Plugin LinuxDeviceProfileSelector, From C:/Program Files (x86)/Epic Games/4.13/Engine/Plugins/Runtime/LinuxDeviceProfileSelector/LinuxDeviceProfileSelector.uplugin
LogPluginManager: Loaded Plugin LiveEditorListenServer, From C:/Program Files (x86)/Epic Games/4.13/Engine/Plugins/Runtime/LiveEditorListenServer/LiveEditorListenServer.uplugin
LogPluginManager: Loaded Plugin OculusAudio, From C:/Program Files (x86)/Epic Games/4.13/Engine/Plugins/Runtime/OculusAudio/OculusAudio.uplugin
LogPluginManager: Loaded Plugin OculusInput, From C:/Program Files (x86)/Epic Games/4.13/Engine/Plugins/Runtime/OculusInput/OculusInput.uplugin
LogPluginManager: Loaded Plugin OculusLibrary, From C:/Program Files (x86)/Epic Games/4.13/Engine/Plugins/Runtime/OculusLibrary/OculusLibrary.uplugin
LogPluginManager: Loaded Plugin OculusRift, From C:/Program Files (x86)/Epic Games/4.13/Engine/Plugins/Runtime/OculusRift/OculusRift.uplugin
LogPluginManager: Loaded Plugin Oodle, From C:/Program Files (x86)/Epic Games/4.13/Engine/Plugins/Runtime/PacketHandlers/CompressionComponents/Oodle/Oodle.uplugin
LogPluginManager: Loaded Plugin ProceduralMeshComponent, From C:/Program Files (x86)/Epic Games/4.13/Engine/Plugins/Runtime/ProceduralMeshComponent/ProceduralMeshComponent.uplugin
LogPluginManager: Loaded Plugin SoundMod, From C:/Program Files (x86)/Epic Games/4.13/Engine/Plugins/Runtime/SoundMod/SoundMod.uplugin
LogPluginManager: Loaded Plugin SoundVisualizations, From C:/Program Files (x86)/Epic Games/4.13/Engine/Plugins/Runtime/SoundVisualizations/SoundVisualizations.uplugin
LogPluginManager: Loaded Plugin SteamController, From C:/Program Files (x86)/Epic Games/4.13/Engine/Plugins/Runtime/Steam/SteamController/SteamController.uplugin
LogPluginManager: Loaded Plugin SteamVR, From C:/Program Files (x86)/Epic Games/4.13/Engine/Plugins/Runtime/Steam/SteamVR/SteamVR.uplugin
LogPluginManager: Loaded Plugin WebBrowserWidget, From C:/Program Files (x86)/Epic Games/4.13/Engine/Plugins/Runtime/WebBrowserWidget/WebBrowserWidget.uplugin
LogPluginManager: Loaded Plugin WindowsDeviceProfileSelector, From C:/Program Files (x86)/Epic Games/4.13/Engine/Plugins/Runtime/WindowsDeviceProfileSelector/WindowsDeviceProfileSelector.uplugin
LogPluginManager: Loaded Plugin WindowsMoviePlayer, From C:/Program Files (x86)/Epic Games/4.13/Engine/Plugins/Runtime/WindowsMoviePlayer/WindowsMoviePlayer.uplugin
LogPluginManager: Loaded Plugin ScriptPlugin, From C:/Program Files (x86)/Epic Games/4.13/Engine/Plugins/ScriptPlugin/ScriptPlugin.uplugin
LogPluginManager: Loaded Plugin SlateRemote, From C:/Program Files (x86)/Epic Games/4.13/Engine/Plugins/Slate/SlateRemote/SlateRemote.uplugin
LogInit: Using libcurl 7.47.1
LogInit:  - built for x86_64-pc-win32
LogInit:  - supports SSL with WinSSL
LogInit:  - other features:
LogInit:      CURL_VERSION_SSL
LogInit:      CURL_VERSION_IPV6
LogInit:      CURL_VERSION_ASYNCHDNS
LogInit:      CURL_VERSION_LARGEFILE
LogInit:      CURL_VERSION_IDN
LogInit:  CurlRequestOptions (configurable via config and command line):
LogInit:  - bVerifyPeer = false  - Libcurl will NOT verify peer certificate
LogInit:  - bUseHttpProxy = false  - Libcurl will NOT use HTTP proxy
LogInit:  - bDontReuseConnections = false  - Libcurl will reuse connections
LogInit:  - CertBundlePath = nullptr  - Libcurl will use whatever was configured at build time.
LogInit: WinSock: version 1.1 (2.2), MaxSocks=32767, MaxUdp=65467
LogVoice:Warning: Failed to initialize voice interface
LogInit: Build: ++UE4+Release-4.13-CL-3172292
LogInit: Engine Version: 4.13.2-3172292+++UE4+Release-4.13
LogInit: Compatible Engine Version: 4.13.0-3106830+++UE4+Release-4.13
LogInit: Net CL: 3172292
LogDevObjectVersion: Number of dev versions registered: 13
LogDevObjectVersion:   Dev-Blueprints (B0D832E4-1F89-4F0D-ACCF-7EB736FD4AA2): 5
LogDevObjectVersion:   Dev-Build (E1C64328-A22C-4D53-A36C-8E866417BD8C): 0
LogDevObjectVersion:   Dev-Core (375EC13C-06E4-48FB-B500-84F0262A717E): 1
LogDevObjectVersion:   Dev-Editor (E4B068ED-F494-42E9-A231-DA0B2E46BB41): 6
LogDevObjectVersion:   Dev-Framework (CFFC743F-43B0-4480-9391-14DF171D2073): 12
LogDevObjectVersion:   Dev-Mobile (B02B49B5-BB20-44E9-A304-32B752E40360): 0
LogDevObjectVersion:   Dev-Networking (A4E4105C-59A1-49B5-A7C5-40C4547EDFEE): 0
LogDevObjectVersion:   Dev-Online (39C831C9-5AE6-47DC-9A44-9C173E1C8E7C): 0
LogDevObjectVersion:   Dev-Physics (78F01B33-EBEA-4F98-B9B4-84EACCB95AA2): 0
LogDevObjectVersion:   Dev-Platform (6631380F-2D4D-43E0-8009-CF276956A95A): 0
LogDevObjectVersion:   Dev-Rendering (12F88B9F-8875-4AFC-A67C-D90C383ABD29): 4
LogDevObjectVersion:   Dev-Sequencer (7B5AE74C-D270-4C10-A958-57980B212A5A): 0
LogDevObjectVersion:   Dev-VR (D7296918-1DD6-4BDD-9DE2-64A83CC13884): 0
LogInit: Compiled (64-bit): Oct 24 2016 14:29:06
LogInit: Compiled with Visual C++: 19.00.23026.00
LogInit: Build Configuration: Development
LogInit: Branch Name: ++UE4+Release-4.13
LogInit: Command line:  
LogInit: Base directory: C:/Program Files (x86)/Epic Games/4.13/Engine/Binaries/Win64/
LogInit: Installed Engine Build: 1
LogInit: Presizing for max 8388607 objects, including 0 objects not considered by GC, pre-allocating 0 bytes for permanent pool.
LogInit: Object subsystem initialized
[2017.06.15-20.09.50:990][  0]LogInit: Selected Device Profile: [Windows]
[2017.06.15-20.09.50:990][  0]LogInit: Applying CVar settings loaded from the selected device profile: [Windows]
[2017.06.15-20.09.51:034][  0]LogInit: Computer: DESKTOP-BU05T8C
[2017.06.15-20.09.51:034][  0]LogInit: User: daviu
[2017.06.15-20.09.51:034][  0]LogInit: CPU Page size=65536, Cores=4
[2017.06.15-20.09.51:034][  0]LogInit: High frequency timer resolution =3.320341 MHz
[2017.06.15-20.09.51:035][  0]LogMemory: Memory total: Physical=7.9GB (8GB approx)
[2017.06.15-20.09.51:035][  0]LogMemory: Platform Memory Stats for Windows
[2017.06.15-20.09.51:035][  0]LogMemory: Process Physical Memory: 258.18 MB used, 258.18 MB peak
[2017.06.15-20.09.51:035][  0]LogMemory: Process Virtual Memory: 260.41 MB used, 260.41 MB peak
[2017.06.15-20.09.51:035][  0]LogMemory: Physical Memory: 6232.45 MB used, 8076.38 MB total
[2017.06.15-20.09.51:035][  0]LogMemory: Virtual Memory: 626.40 MB used, 134217728.00 MB total
[2017.06.15-20.09.51:158][  0]LogTextLocalizationManager: No specific translations for ('en-US') exist, so ('en') translations will be used.
[2017.06.15-20.09.58:634][  0]LogD3D11RHI: D3D11 adapters:
[2017.06.15-20.09.58:757][  0]LogD3D11RHI:    0. 'NVIDIA GeForce GTX 1060 6GB' (Feature Level 11_0)
[2017.06.15-20.09.58:757][  0]LogD3D11RHI:       6100/0/4038 MB DedicatedVideo/DedicatedSystem/SharedSystem, Outputs:1, VendorId:0x10de
[2017.06.15-20.09.59:070][  0]LogD3D11RHI:    1. 'Intel(R) HD Graphics 4000' (Feature Level 11_0)
[2017.06.15-20.09.59:070][  0]LogD3D11RHI:       32/0/1760 MB DedicatedVideo/DedicatedSystem/SharedSystem, Outputs:0, VendorId:0x8086
[2017.06.15-20.09.59:107][  0]LogD3D11RHI:    2. 'Microsoft Basic Render Driver' (Feature Level 11_0)
[2017.06.15-20.09.59:107][  0]LogD3D11RHI:       0/0/4038 MB DedicatedVideo/DedicatedSystem/SharedSystem, Outputs:0, VendorId:0x1414
[2017.06.15-20.09.59:107][  0]LogD3D11RHI: Chosen D3D11 Adapter: 0
[2017.06.15-20.09.59:156][  0]LogD3D11RHI: Creating new Direct3DDevice
[2017.06.15-20.09.59:157][  0]LogD3D11RHI:     GPU DeviceId: 0x1c03 (for the marketing name, search the web for "GPU Device Id")
[2017.06.15-20.09.59:157][  0]LogWindows: EnumDisplayDevices:
[2017.06.15-20.09.59:157][  0]LogWindows:    0. 'NVIDIA GeForce GTX 1060 6GB' (P:1 D:1)
[2017.06.15-20.09.59:157][  0]LogWindows:    1. 'NVIDIA GeForce GTX 1060 6GB' (P:0 D:0)
[2017.06.15-20.09.59:158][  0]LogWindows:    2. 'NVIDIA GeForce GTX 1060 6GB' (P:0 D:0)
[2017.06.15-20.09.59:158][  0]LogWindows:    3. 'NVIDIA GeForce GTX 1060 6GB' (P:0 D:0)
[2017.06.15-20.09.59:158][  0]LogWindows:    4. 'Intel(R) HD Graphics 4000' (P:0 D:0)
[2017.06.15-20.09.59:158][  0]LogWindows:    5. 'Intel(R) HD Graphics 4000' (P:0 D:0)
[2017.06.15-20.09.59:159][  0]LogWindows:    6. 'Intel(R) HD Graphics 4000' (P:0 D:0)
[2017.06.15-20.09.59:159][  0]LogWindows: DebugString: PrimaryIsNotTheChoosenAdapter PrimaryIsNotTheChoosenAdapter PrimaryIsNotTheChoosenAdapter FoundDriverCount:4 
[2017.06.15-20.09.59:159][  0]LogD3D11RHI:     Adapter Name: NVIDIA GeForce GTX 1060 6GB
[2017.06.15-20.09.59:159][  0]LogD3D11RHI:   Driver Version: 376.53 (internal:21.21.13.7653, unified:376.53)
[2017.06.15-20.09.59:159][  0]LogD3D11RHI:      Driver Date: 12-29-2016
[2017.06.15-20.09.59:159][  0]LogRHI: Texture pool is 1361 MB (70% of 1945 MB)
[2017.06.15-20.09.59:178][  0]LogD3D11RHI: Async texture creation enabled
[2017.06.15-20.10.00:010][  0]LogD3D11RHI: GPU Timing Frequency: 1000.000000 (Debug: 2 3)
[2017.06.15-20.10.00:162][  0]LogShaderCompilers: Guid format shader working directory is -6 characters bigger than the processId version (../../../../../../Users/daviu/Documents/Ted_r2017_1/Intermediate/Shaders/WorkingDirectory/16772/).
[2017.06.15-20.10.00:162][  0]LogShaderCompilers: Cleaned the shader compiler working directory 'C:/Users/daviu/AppData/Local/Temp/UnrealShaderWorkingDir/D612DDAB463B1288D691CABFA87002CE/'.
[2017.06.15-20.10.00:187][  0]LogShaderCompilers:Display: Using Local Shader Compiler.
[2017.06.15-20.10.12:685][  0]LogTemp:Display: Loaded TP AllDesktopTargetPlatform
[2017.06.15-20.10.12:695][  0]LogTemp:Display: Loaded TP WindowsClientTargetPlatform
[2017.06.15-20.10.12:706][  0]LogTemp:Display: Loaded TP WindowsNoEditorTargetPlatform
[2017.06.15-20.10.12:717][  0]LogTemp:Display: Loaded TP WindowsServerTargetPlatform
[2017.06.15-20.10.12:727][  0]LogTemp:Display: Loaded TP WindowsTargetPlatform
[2017.06.15-20.10.12:763][  0]LogTemp:Display: Loaded TP AndroidTargetPlatform
[2017.06.15-20.10.12:774][  0]LogTemp:Display: Loaded TP Android_ASTCTargetPlatform
[2017.06.15-20.10.12:783][  0]LogTemp:Display: Loaded TP Android_ATCTargetPlatform
[2017.06.15-20.10.12:792][  0]LogTemp:Display: Loaded TP Android_DXTTargetPlatform
[2017.06.15-20.10.12:800][  0]LogTemp:Display: Loaded TP Android_ETC1TargetPlatform
[2017.06.15-20.10.12:809][  0]LogTemp:Display: Loaded TP Android_ETC2TargetPlatform
[2017.06.15-20.10.12:827][  0]LogTemp:Display: Loaded TP Android_MultiTargetPlatform
[2017.06.15-20.10.12:827][  0]LogTemp:Display: Loaded TP Android_PVRTCTargetPlatform
[2017.06.15-20.10.12:830][  0]LogTemp:Display: Loaded TP HTML5TargetPlatform
[2017.06.15-20.10.12:938][  0]LogTemp:Display: Loaded TP IOSTargetPlatform
[2017.06.15-20.10.12:953][  0]LogTemp:Display: Loaded TP TVOSTargetPlatform
[2017.06.15-20.10.12:969][  0]LogTemp:Display: Loaded TP LinuxClientTargetPlatform
[2017.06.15-20.10.12:983][  0]LogTemp:Display: Loaded TP LinuxNoEditorTargetPlatform
[2017.06.15-20.10.12:992][  0]LogTemp:Display: Loaded TP LinuxServerTargetPlatform
[2017.06.15-20.10.13:012][  0]LogTemp:Display: Loaded TP LinuxTargetPlatform
[2017.06.15-20.10.13:012][  0]LogTargetPlatformManager:Display: Building Assets For Windows
[2017.06.15-20.10.14:108][  0]LogDerivedDataCache:Display: Max Cache Size: 512 MB
[2017.06.15-20.10.15:034][  0]LogDerivedDataCache: Loaded boot cache 0.86s 62MB C:/Users/daviu/AppData/Local/UnrealEngine/4.13/DerivedDataCache/Boot.ddc.
[2017.06.15-20.10.15:034][  0]LogDerivedDataCache:Display: Loaded Boot cache: C:/Users/daviu/AppData/Local/UnrealEngine/4.13/DerivedDataCache/Boot.ddc
[2017.06.15-20.10.15:034][  0]LogDerivedDataCache: FDerivedDataBackendGraph:  Pak pak cache file ../../../../../../Users/daviu/Documents/Ted_r2017_1/DerivedDataCache/DDC.ddp not found, will not use a pak cache.
[2017.06.15-20.10.15:034][  0]LogDerivedDataCache: Unable to find inner node Pak for hierarchical cache Hierarchy.
[2017.06.15-20.10.15:034][  0]LogDerivedDataCache: FDerivedDataBackendGraph:  CompressedPak pak cache file ../../../../../../Users/daviu/Documents/Ted_r2017_1/DerivedDataCache/Compressed.ddp not found, will not use a pak cache.
[2017.06.15-20.10.15:034][  0]LogDerivedDataCache: Unable to find inner node CompressedPak for hierarchical cache Hierarchy.
[2017.06.15-20.10.15:142][  0]LogDerivedDataCache:Display: Pak cache opened for reading ../../../Engine/DerivedDataCache/Compressed.ddp.
[2017.06.15-20.10.15:399][  0]LogDerivedDataCache: Using Local data cache path C:/Users/daviu/AppData/Local/UnrealEngine/Common/DerivedDataCache: Writable
[2017.06.15-20.10.25:721][  0]LogInit: Selected Device Profile: [Windows]
[2017.06.15-20.10.26:249][  0]LogContentStreaming: Texture pool size is 0.00 MB
[2017.06.15-20.10.26:835][  0]LogMeshUtilities: No automatic mesh reduction module available
[2017.06.15-20.10.26:835][  0]LogMeshUtilities: No automatic mesh merging module available
[2017.06.15-20.10.26:835][  0]LogMeshUtilities: No distributed automatic mesh merging module available
[2017.06.15-20.10.29:507][  0]LogMaterial: Uniform references updated for custom material expression Custom.
[2017.06.15-20.10.36:852][  0]LogNetVersion: GetLocalNetworkVersion: CL: 3106830, ProjectName: ted_r2017, ProjectVersion: , EngineNetworkVersion: 1, GameNetworkVersion: 0, NetworkChecksum: 2909711685
[2017.06.15-20.10.37:294][  0]LogAssetRegistry: FAssetRegistry took 0.0253 seconds to start up
[2017.06.15-20.10.37:893][  0]LogPackageLocalizationCache: Processed 3 localized package path(s) for 2 prioritized culture(s) in 0.433757 seconds
[2017.06.15-20.10.37:928][  0]LogUObjectArray: 29778 objects as part of root set at end of initial load.
[2017.06.15-20.10.37:928][  0]LogUObjectAllocator: 6125448 out of 0 bytes used by permanent object pool.
[2017.06.15-20.10.37:928][  0]LogUObjectArray: CloseDisregardForGC: 0/0 objects in disregard for GC pool
[2017.06.15-20.10.52:083][  0]LogSlate: SlateFontCache - WITH_FREETYPE: 1, WITH_HARFBUZZ: 1
[2017.06.15-20.10.52:083][  0]LogSlate: SlateFontCache - WITH_FREETYPE: 1, WITH_HARFBUZZ: 1
[2017.06.15-20.11.16:021][  0]LogTcpMessaging: Initializing TcpMessaging bridge
[2017.06.15-20.11.16:087][  0]LogUdpMessaging: Initializing bridge on interface 0.0.0.0:0 to multicast group 230.0.0.1:6666.
[2017.06.15-20.11.18:802][  0]SourceControl: Info Source control is disabled
[2017.06.15-20.11.19:193][  0]SourceControl: Info Source control is disabled
[2017.06.15-20.11.19:308][  0]SourceControl: Info Source control is disabled
[2017.06.15-20.11.19:369][  0]SourceControl: Info Source control is disabled
[2017.06.15-20.11.22:081][  0]LogEngine: Initializing Engine...
[2017.06.15-20.11.22:106][  0]LogHMD: Failed to initialize OpenVR with code 110
[2017.06.15-20.11.23:765][  0]LogAIModule: Creating AISystem for world Untitled
[2017.06.15-20.11.24:059][  0]LogInit: XAudio2 using 'Speakers (High Definition Audio Device)' : 6 channels at 48 kHz using 32 bits per sample (channel mask 0x3f)
[2017.06.15-20.11.24:193][  0]LogInit: FAudioDevice initialized.
[2017.06.15-20.11.24:400][  0]LogDerivedDataCache: Saved boot cache 0.21s 62MB C:/Users/daviu/AppData/Local/UnrealEngine/4.13/DerivedDataCache/Boot.ddc.
[2017.06.15-20.11.24:412][  0]LogInit: Texture streaming: Enabled
[2017.06.15-20.11.26:847][  0]LogInit: Transaction tracking system initialized
[2017.06.15-20.11.30:445][  0]BlueprintLog: New page: Editor Load
[2017.06.15-20.11.36:967][  0]LocalizationService: Info Localization service is disabled
[2017.06.15-20.11.40:708][  0]LogConsoleResponse:Display: 
[2017.06.15-20.11.47:629][  0]LogCook:Display: Max memory allowance for cook 16384mb min free memory 0mb
[2017.06.15-20.11.47:629][  0]LogCook:Display: Mobile HDR setting 1
[2017.06.15-20.11.48:691][  0]LogFileCache: Scanning file cache for directory 'C:/Users/daviu/Documents/Ted_r2017_1/Content/' took 0.30s
[2017.06.15-20.11.56:582][  0]SourceControl: Info Source control is disabled
[2017.06.15-20.14.21:639][  0]LogWindowsTextInputMethodSystem:Display: IME system now deactivated.
[2017.06.15-20.14.22:597][  0]LogWindowsTextInputMethodSystem:Display: IME system now deactivated.
[2017.06.15-20.14.22:989][  0]Cmd: MAP LOAD FILE="../../../../../../Users/daviu/Documents/Ted_r2017_1/Content/TED_Specific/Multiplayer_Stuff/MainMenu_Level.umap" TEMPLATE=0 SHOWPROGRESS=1 FEATURELEVEL=3
[2017.06.15-20.14.23:235][  0]LightingResults: New page: Lighting Build
[2017.06.15-20.14.25:043][  0]MapCheck: New page: Map Check
[2017.06.15-20.14.25:043][  0]LightingResults: New page: Lighting Build
[2017.06.15-20.14.49:434][  0]LogAIModule: Creating AISystem for world MainMenu_Level
[2017.06.15-20.14.50:244][  0]LogEditorServer: Finished looking for orphan Actors (0.011 secs)
[2017.06.15-20.14.50:591][  0]Cmd: MAP CHECKDEP NOCLEARLOG
[2017.06.15-20.14.50:755][  0]MapCheck: Info Map check complete: 0 Error(s), 0 Warning(s), took 141.904ms to complete.
[2017.06.15-20.14.50:756][  0]LogFileHelpers: Loading map 'MainMenu_Level' took 28.017
[2017.06.15-20.14.54:677][  0]LogStats:Warning: MetaData mismatch. Did you assign a stat to two groups? New //STATGROUP_Threads//SplashScreenThread///Thread_2c0c_0///####STATCAT_Advanced#### old //STATGROUP_Threads//SplashScreenThread///Thread_4628_0///####STATCAT_Advanced####
[2017.06.15-20.14.54:677][  0]LogCollectionManager: Loaded 1 collections in 0.023497 seconds
[2017.06.15-20.14.54:884][  0]LogFileCache: Scanning file cache for directory 'C:/Users/daviu/Documents/Ted_r2017_1/Saved/Collections/' took 0.01s
[2017.06.15-20.14.54:884][  0]LogFileCache: Scanning file cache for directory 'C:/Users/daviu/Documents/Ted_r2017_1/Content/Developers/daviu/Collections/' took 0.01s
[2017.06.15-20.14.54:884][  0]LogFileCache: Scanning file cache for directory 'C:/Users/daviu/Documents/Ted_r2017_1/Content/Collections/' took 0.01s
[2017.06.15-20.14.54:884][  0]LogCollectionManager: Rebuilt the GUID cache for 1 collections in 0.000009 seconds
[2017.06.15-20.14.54:884][  0]LogCollectionManager: Rebuilt the hierarchy cache for 1 collections in 0.000000 seconds
[2017.06.15-20.14.54:919][  0]LogContentBrowser: Native class hierarchy populated in 0.0327 seconds. Added 2160 classes and 418 folders.
[2017.06.15-20.14.55:111][  0]LogStats: UGameplayTagsManager::ConstructGameplayTagTree: Construct from data asset -  0.000 s
[2017.06.15-20.14.55:111][  0]LogStats: UGameplayTagsManager::ConstructGameplayTagTree: GameplayTagTreeChangedEvent.Broadcast -  0.000 s
[2017.06.15-20.14.55:122][  0]LogContentBrowser: Native class hierarchy updated for 'GameplayTags' in 0.0008 seconds. Added 12 classes and 0 folders.
[2017.06.15-20.14.55:211][  0]LogContentBrowser: Native class hierarchy updated for 'WidgetCarousel' in 0.0006 seconds. Added 0 classes and 0 folders.
[2017.06.15-20.14.57:817][  0]LogContentBrowser: Native class hierarchy updated for 'AddContentDialog' in 0.0010 seconds. Added 0 classes and 0 folders.
[2017.06.15-20.14.57:979][  0]LogContentBrowser: Native class hierarchy updated for 'SceneOutliner' in 0.0010 seconds. Added 1 classes and 2 folders.
[2017.06.15-20.14.59:456][  0]LogCrashTracker: Crashtracker disabled due to settings.
[2017.06.15-20.14.59:818][  0]LogUObjectGlobals:Warning: Failed to find object 'Class None.'
[2017.06.15-20.14.59:989][  0]LogContentBrowser: Native class hierarchy updated for 'HierarchicalLODOutliner' in 0.0010 seconds. Added 1 classes and 2 folders.
[2017.06.15-20.14.59:989][  0]LogLoad: (Engine Initialization) Total time: 313.47 seconds
[2017.06.15-20.14.59:989][  0]LogLoad: (Engine Initialization) Total Blueprint compile time: 6.04 seconds
[2017.06.15-20.15.00:108][  0]LogExternalProfiler: Found external profiler: VSPerf
[2017.06.15-20.15.00:108][  0]LogExternalProfiler: Using external profiler: VSPerf
[2017.06.15-20.15.00:292][  0]LogOcInput: OculusInput pre-init called
[2017.06.15-20.15.02:312][  0]LogContentStreaming: Texture pool size now 1000 MB
[2017.06.15-20.15.04:528][  1]LogRenderer: Reallocating scene render targets to support 980x536 (Frame:2).
[2017.06.15-20.15.05:166][  1]LogFileCache: Retrieving MD5 hashes for directory 'C:/Users/daviu/Documents/Ted_r2017_1/Content/' took 4.47s
[2017.06.15-20.15.08:403][  6]LogAssetRegistry: Asset discovery search completed in 271.1314 seconds
[2017.06.15-20.15.08:403][  6]LogCollectionManager: Rebuilt the object cache for 1 collections in 0.000007 seconds (found 0 objects)
[2017.06.15-20.15.08:403][  6]LogCollectionManager: Fixed up redirectors for 1 collections in 0.000034 seconds (updated 0 objects)
[2017.06.15-20.15.14:736][745]LogStreaming:Warning: Failed to open ANSI TEXT file C:/Users/daviu/Documents/Ted_r2017_1/Saved/HardwareSurvey/dxdiag.txt
[2017.06.15-20.15.14:811][746]LogSynthBenchmark:Display: FSynthBenchmark (V0.95):  requested WorkScale=5.00
[2017.06.15-20.15.14:811][746]LogSynthBenchmark:Display: ===============
[2017.06.15-20.15.14:811][746]LogSynthBenchmark:Display: Main Processor:
[2017.06.15-20.15.15:021][746]LogSynthBenchmark:Display:          ... 0.020220 s/Run 'RayIntersect'
[2017.06.15-20.15.15:021][746]LogSynthBenchmark:Display:          ... 0.021675 s/Run 'Fractal'
[2017.06.15-20.15.15:021][746]LogSynthBenchmark:Display: 
[2017.06.15-20.15.15:021][746]LogSynthBenchmark:Display:   CompiledTarget_x_Bits: 64
[2017.06.15-20.15.15:021][746]LogSynthBenchmark:Display:   UE_BUILD_SHIPPING: 0
[2017.06.15-20.15.15:021][746]LogSynthBenchmark:Display:   UE_BUILD_TEST: 0
[2017.06.15-20.15.15:021][746]LogSynthBenchmark:Display:   UE_BUILD_DEBUG: 0
[2017.06.15-20.15.15:021][746]LogSynthBenchmark:Display:   TotalPhysicalGBRam: 8
[2017.06.15-20.15.15:021][746]LogSynthBenchmark:Display:   NumberOfCores (physical): 4
[2017.06.15-20.15.15:021][746]LogSynthBenchmark:Display:   NumberOfCores (logical): 8
[2017.06.15-20.15.15:021][746]LogSynthBenchmark:Display:   CPU Perf Index 0: 126.7 (weight 1.00)
[2017.06.15-20.15.15:021][746]LogSynthBenchmark:Display:   CPU Perf Index 1: 131.9 (weight 1.50)
[2017.06.15-20.15.15:021][746]LogSynthBenchmark:Display:  
[2017.06.15-20.15.15:021][746]LogSynthBenchmark:Display: Graphics:
[2017.06.15-20.15.15:021][746]LogSynthBenchmark:Display:   Adapter Name: 'NVIDIA GeForce GTX 1060 6GB'
[2017.06.15-20.15.15:021][746]LogSynthBenchmark:Display:   (On Optimus the name might be wrong, memory should be ok)
[2017.06.15-20.15.15:021][746]LogSynthBenchmark:Display:   Vendor Id: 0x10de
[2017.06.15-20.15.15:021][746]LogSynthBenchmark:Display:   Device Id: 0x1c03
[2017.06.15-20.15.15:021][746]LogSynthBenchmark:Display:   GPU Memory: 6101/0/4039 MB
[2017.06.15-20.15.15:062][746]LogSynthBenchmark:Display:   GPU first test: 0.01s
[2017.06.15-20.15.15:062][746]LogSynthBenchmark:Display:          ... 4.926 GigaPix/s, Confidence=100% 'ALUHeavyNoise' (likely to be very inaccurate)
[2017.06.15-20.15.15:062][746]LogSynthBenchmark:Display:          ... 4.198 GigaPix/s, Confidence=100% 'TexHeavy' (likely to be very inaccurate)
[2017.06.15-20.15.15:062][746]LogSynthBenchmark:Display:          ... 3.279 GigaPix/s, Confidence=100% 'DepTexHeavy' (likely to be very inaccurate)
[2017.06.15-20.15.15:062][746]LogSynthBenchmark:Display:          ... 11.113 GigaPix/s, Confidence=60% 'FillOnly' (likely to be very inaccurate)
[2017.06.15-20.15.15:062][746]LogSynthBenchmark:Display:          ... 0.938 GigaPix/s, Confidence=100% 'Bandwidth' (likely to be very inaccurate)
[2017.06.15-20.15.15:081][746]LogSynthBenchmark:Display:   GPU second test: 0.01s
[2017.06.15-20.15.15:081][746]LogSynthBenchmark:Display:          ... 9.030 GigaPix/s, Confidence=100% 'ALUHeavyNoise' (likely to be inaccurate)
[2017.06.15-20.15.15:081][746]LogSynthBenchmark:Display:          ... 7.036 GigaPix/s, Confidence=89% 'TexHeavy' (likely to be inaccurate)
[2017.06.15-20.15.15:081][746]LogSynthBenchmark:Display:          ... 6.149 GigaPix/s, Confidence=100% 'DepTexHeavy' (likely to be inaccurate)
[2017.06.15-20.15.15:081][746]LogSynthBenchmark:Display:          ... 32.895 GigaPix/s, Confidence=100% 'FillOnly' (likely to be inaccurate)
[2017.06.15-20.15.15:081][746]LogSynthBenchmark:Display:          ... 1.105 GigaPix/s, Confidence=100% 'Bandwidth' (likely to be inaccurate)
[2017.06.15-20.15.15:605][746]LogSynthBenchmark:Display:   GPU third test: 0.49s
[2017.06.15-20.15.15:605][746]LogSynthBenchmark:Display:          ... 10.574 GigaPix/s, Confidence=100% 'ALUHeavyNoise'
[2017.06.15-20.15.15:605][746]LogSynthBenchmark:Display:          ... 8.087 GigaPix/s, Confidence=100% 'TexHeavy'
[2017.06.15-20.15.15:605][746]LogSynthBenchmark:Display:          ... 7.630 GigaPix/s, Confidence=89% 'DepTexHeavy'
[2017.06.15-20.15.15:605][746]LogSynthBenchmark:Display:          ... 48.302 GigaPix/s, Confidence=100% 'FillOnly'
[2017.06.15-20.15.15:605][746]LogSynthBenchmark:Display:          ... 1.187 GigaPix/s, Confidence=100% 'Bandwidth'
[2017.06.15-20.15.15:605][746]LogSynthBenchmark:Display: 
[2017.06.15-20.15.15:605][746]LogSynthBenchmark:Display:   GPU Perf Index 0: 229.8 (weight 1.00)
[2017.06.15-20.15.15:605][746]LogSynthBenchmark:Display:   GPU Perf Index 1: 108.6 (weight 0.10)
[2017.06.15-20.15.15:605][746]LogSynthBenchmark:Display:   GPU Perf Index 2: 198.3 (weight 0.10)
[2017.06.15-20.15.15:605][746]LogSynthBenchmark:Display:   GPU Perf Index 3: 189.7 (weight 3.00)
[2017.06.15-20.15.15:605][746]LogSynthBenchmark:Display:   GPU Perf Index 4: 110.7 (weight 1.00)
[2017.06.15-20.15.15:605][746]LogSynthBenchmark:Display:   CPUIndex: 129.8
[2017.06.15-20.15.15:605][746]LogSynthBenchmark:Display:   GPUIndex: 180.8
[2017.06.15-20.15.15:605][746]LogSynthBenchmark:Display: 
[2017.06.15-20.15.15:605][746]LogSynthBenchmark:Display:          ... Total Time: 0.793632 sec
[2017.06.15-22.55.37:250][380]LogWindowsTextInputMethodSystem:Display: IME system now deactivated.
[2017.06.15-22.55.46:138][381]Cmd: QUIT_EDITOR
[2017.06.15-22.55.48:716][381]LogExit: Preparing to exit.
[2017.06.15-22.56.02:314][381]LogDirectoryWatcher: A directory notification for 'C:/Users/daviu/Documents/Ted_r2017_1/Content/' was aborted.
[2017.06.15-22.56.11:412][381]LogExit: Editor shut down
[2017.06.15-22.56.11:437][381]LogExit: Transaction tracking system shut down
[2017.06.15-22.56.21:172][381]LogObj: Freed 0b from 0 cluster array pools.
[2017.06.15-22.56.21:172][381]LogExit: Object subsystem successfully closed.
[2017.06.15-22.56.22:437][381]LogD3D11RHI: Shutdown
[2017.06.15-22.56.22:437][381]LogD3D11RHI: CleanupD3DDevice
[2017.06.15-22.56.23:073][381]LogD3D11RHI: ~FD3D11DynamicRHI
[2017.06.15-22.56.26:074][381]LogModuleManager: Shutting down and abandoning module SynthBenchmark (236)
[2017.06.15-22.56.26:074][381]LogModuleManager: Shutting down and abandoning module HierarchicalLODOutliner (235)
[2017.06.15-22.56.26:090][381]LogModuleManager: Shutting down and abandoning module CrashTracker (234)
[2017.06.15-22.56.26:122][381]LogModuleManager: Shutting down and abandoning module SceneOutliner (233)
[2017.06.15-22.56.26:122][381]LogModuleManager: Shutting down and abandoning module WidgetCarousel (232)
[2017.06.15-22.56.26:122][381]LogModuleManager: Shutting down and abandoning module AddContentDialog (231)
[2017.06.15-22.56.26:232][381]LogDirectoryWatcher: A directory notification for 'C:/Program Files (x86)/Epic Games/4.13/FeaturePacks/' was aborted.
[2017.06.15-22.56.26:627][381]LogModuleManager: Shutting down and abandoning module GameplayTags (230)
[2017.06.15-22.56.26:627][381]LogModuleManager: Shutting down and abandoning module EditorWidgets (229)
[2017.06.15-22.56.26:627][381]LogModuleManager: Shutting down and abandoning module CollectionManager (228)
[2017.06.15-22.56.26:651][381]LogDirectoryWatcher: A directory notification for 'C:/Users/daviu/Documents/Ted_r2017_1/Content/Collections/' was aborted.
[2017.06.15-22.56.26:652][381]LogDirectoryWatcher: A directory notification for 'C:/Users/daviu/Documents/Ted_r2017_1/Content/Developers/daviu/Collections/' was aborted.
[2017.06.15-22.56.26:652][381]LogDirectoryWatcher: A directory notification for 'C:/Users/daviu/Documents/Ted_r2017_1/Saved/Collections/' was aborted.
[2017.06.15-22.56.26:652][381]LogModuleManager: Shutting down and abandoning module StatsViewer (227)
[2017.06.15-22.56.26:680][381]LogModuleManager: Shutting down and abandoning module FoliageEdit (226)
[2017.06.15-22.56.26:695][381]LogModuleManager: Shutting down and abandoning module LandscapeEditor (225)
[2017.06.15-22.56.26:973][381]LogModuleManager: Shutting down and abandoning module SceneDepthPickerMode (224)
[2017.06.15-22.56.26:973][381]LogModuleManager: Shutting down and abandoning module ActorPickerMode (223)
[2017.06.15-22.56.26:973][381]LogModuleManager: Shutting down and abandoning module GeometryMode (222)
[2017.06.15-22.56.26:973][381]LogModuleManager: Shutting down and abandoning module TextureAlignMode (221)
[2017.06.15-22.56.26:973][381]LogModuleManager: Shutting down and abandoning module BspMode (220)
[2017.06.15-22.56.26:986][381]LogModuleManager: Shutting down and abandoning module HardwareSurvey (219)
[2017.06.15-22.56.26:986][381]LogModuleManager: Shutting down and abandoning module SequenceRecorderSections (218)
[2017.06.15-22.56.26:986][381]LogModuleManager: Shutting down and abandoning module SequenceRecorder (217)
[2017.06.15-22.56.27:008][381]LogModuleManager: Shutting down and abandoning module AutomationWorker (216)
[2017.06.15-22.56.27:048][381]LogModuleManager: Shutting down and abandoning module MatineeToLevelSequence (215)
[2017.06.15-22.56.27:079][381]LogModuleManager: Shutting down and abandoning module PlacementMode (214)
[2017.06.15-22.56.27:102][381]LogModuleManager: Shutting down and abandoning module LevelSequenceEditor (213)
[2017.06.15-22.56.27:183][381]LogModuleManager: Shutting down and abandoning module WmfMediaFactory (212)
[2017.06.15-22.56.27:183][381]LogModuleManager: Shutting down and abandoning module WmfMediaEditor (211)
[2017.06.15-22.56.27:183][381]LogModuleManager: Shutting down and abandoning module AvfMediaFactory (210)
[2017.06.15-22.56.27:183][381]LogModuleManager: Shutting down and abandoning module AvfMediaEditor (209)
[2017.06.15-22.56.27:183][381]LogModuleManager: Shutting down and abandoning module Media (208)
[2017.06.15-22.56.27:183][381]LogModuleManager: Shutting down and abandoning module AndroidMediaFactory (207)
[2017.06.15-22.56.27:183][381]LogModuleManager: Shutting down and abandoning module AndroidMediaEditor (206)
[2017.06.15-22.56.27:183][381]LogModuleManager: Shutting down and abandoning module CharacterAI (205)
[2017.06.15-22.56.27:183][381]LogModuleManager: Shutting down and abandoning module SmartSnapping (204)
[2017.06.15-22.56.27:183][381]LogModuleManager: Shutting down and abandoning module SessionServices (203)
[2017.06.15-22.56.27:183][381]LogModuleManager: Shutting down and abandoning module ViewportSnapping (202)
[2017.06.15-22.56.27:183][381]LogModuleManager: Shutting down and abandoning module ViewportInteraction (201)
[2017.06.15-22.56.27:183][381]LogModuleManager: Shutting down and abandoning module LogVisualizer (200)
[2017.06.15-22.56.27:198][381]LogModuleManager: Shutting down and abandoning module GameProjectGeneration (199)
[2017.06.15-22.56.27:229][381]LogModuleManager: Shutting down and abandoning module IntroTutorials (198)
[2017.06.15-22.56.27:254][381]LogModuleManager: Shutting down and abandoning module EditorLiveStreaming (197)
[2017.06.15-22.56.27:255][381]LogModuleManager: Shutting down and abandoning module IOSPlatformEditor (196)
[2017.06.15-22.56.27:282][381]LogModuleManager: Shutting down and abandoning module HTML5PlatformEditor (195)
[2017.06.15-22.56.27:282][381]LogModuleManager: Shutting down and abandoning module AndroidDeviceDetection (194)
[2017.06.15-22.56.28:081][381]LogModuleManager: Shutting down and abandoning module AndroidPlatformEditor (193)
[2017.06.15-22.56.28:118][381]LogModuleManager: Shutting down and abandoning module IOSRuntimeSettings (192)
[2017.06.15-22.56.28:118][381]LogModuleManager: Shutting down and abandoning module AndroidRuntimeSettings (191)
[2017.06.15-22.56.28:118][381]LogModuleManager: Shutting down and abandoning module NiagaraEditor (190)
[2017.06.15-22.56.28:218][381]LogModuleManager: Shutting down and abandoning module MergeActors (189)
[2017.06.15-22.56.28:287][381]LogModuleManager: Shutting down and abandoning module SizeMap (188)
[2017.06.15-22.56.28:317][381]LogModuleManager: Shutting down and abandoning module TreeMap (187)
[2017.06.15-22.56.28:407][381]LogModuleManager: Shutting down and abandoning module ReferenceViewer (186)
[2017.06.15-22.56.28:407][381]LogModuleManager: Shutting down and abandoning module LocalizationService (185)
[2017.06.15-22.56.28:423][381]LogModuleManager: Shutting down and abandoning module LocalizationDashboard (184)
[2017.06.15-22.56.28:468][381]LogModuleManager: Shutting down and abandoning module HardwareTargeting (183)
[2017.06.15-22.56.28:482][381]LogModuleManager: Shutting down and abandoning module DeviceProfileEditor (182)
[2017.06.15-22.56.28:587][381]LogModuleManager: Shutting down and abandoning module UndoHistory (181)
[2017.06.15-22.56.28:596][381]LogModuleManager: Shutting down and abandoning module UserFeedback (180)
[2017.06.15-22.56.28:596][381]LogModuleManager: Shutting down and abandoning module XmlParser (179)
[2017.06.15-22.56.28:625][381]LogModuleManager: Shutting down and abandoning module Blutility (178)
[2017.06.15-22.56.28:674][381]LogModuleManager: Shutting down and abandoning module ProjectTargetPlatformEditor (177)
[2017.06.15-22.56.28:743][381]LogModuleManager: Shutting down and abandoning module ProjectSettingsViewer (176)
[2017.06.15-22.56.28:743][381]LogModuleManager: Shutting down and abandoning module InputBindingEditor (175)
[2017.06.15-22.56.28:803][381]LogModuleManager: Shutting down and abandoning module EditorSettingsViewer (174)
[2017.06.15-22.56.28:804][381]LogModuleManager: Shutting down and abandoning module SettingsEditor (173)
[2017.06.15-22.56.28:872][381]LogModuleManager: Shutting down and abandoning module ProjectLauncher (172)
[2017.06.15-22.56.28:894][381]LogModuleManager: Shutting down and abandoning module SessionFrontend (171)
[2017.06.15-22.56.28:904][381]LogModuleManager: Shutting down and abandoning module ProfilerClient (170)
[2017.06.15-22.56.28:926][381]LogModuleManager: Shutting down and abandoning module TargetDeviceServices (169)
[2017.06.15-22.56.28:941][381]LogModuleManager: Shutting down and abandoning module DeviceManager (168)
[2017.06.15-22.56.29:046][381]LogModuleManager: Shutting down and abandoning module AutomationController (167)
[2017.06.15-22.56.29:069][381]LogModuleManager: Shutting down and abandoning module AutomationWindow (166)
[2017.06.15-22.56.29:090][381]LogModuleManager: Shutting down and abandoning module Layers (165)
[2017.06.15-22.56.29:116][381]LogModuleManager: Shutting down and abandoning module ComponentVisualizers (164)
[2017.06.15-22.56.29:116][381]LogModuleManager: Shutting down and abandoning module DetailCustomizations (163)
[2017.06.15-22.56.29:116][381]LogModuleManager: Shutting down and abandoning module PackagesDialog (162)
[2017.06.15-22.56.29:118][381]LogModuleManager: Shutting down and abandoning module AnimGraph (161)
[2017.06.15-22.56.29:150][381]LogModuleManager: Shutting down and abandoning module Persona (160)
[2017.06.15-22.56.29:319][381]LogModuleManager: Shutting down and abandoning module Kismet (159)
[2017.06.15-22.56.29:380][381]LogModuleManager: Shutting down and abandoning module GraphEditor (158)
[2017.06.15-22.56.29:610][381]LogModuleManager: Shutting down and abandoning module ClassViewer (157)
[2017.06.15-22.56.29:651][381]LogModuleManager: Shutting down and abandoning module Toolbox (156)
[2017.06.15-22.56.29:660][381]LogModuleManager: Shutting down and abandoning module ModuleUI (155)
[2017.06.15-22.56.29:733][381]LogModuleManager: Shutting down and abandoning module MovieSceneTools (154)
[2017.06.15-22.56.29:780][381]LogModuleManager: Shutting down and abandoning module OutputLog (153)
[2017.06.15-22.56.29:797][381]LogModuleManager: Shutting down and abandoning module GammaUI (152)
[2017.06.15-22.56.29:833][381]LogModuleManager: Shutting down and abandoning module Documentation (151)
[2017.06.15-22.56.29:833][381]LogModuleManager: Shutting down and abandoning module Niagara (150)
[2017.06.15-22.56.29:842][381]LogModuleManager: Shutting down and abandoning module StreamingPauseRendering (149)
[2017.06.15-22.56.29:842][381]LogModuleManager: Shutting down and abandoning module AnalyticsET (148)
[2017.06.15-22.56.29:842][381]LogModuleManager: Shutting down and abandoning module PortalServices (147)
[2017.06.15-22.56.29:842][381]LogModuleManager: Shutting down and abandoning module PortalRpc (146)
[2017.06.15-22.56.29:842][381]LogModuleManager: Shutting down and abandoning module MessagingRpc (145)
[2017.06.15-22.56.29:842][381]LogModuleManager: Shutting down and abandoning module GameplayDebugger (144)
[2017.06.15-22.56.29:998][381]LogModuleManager: Shutting down and abandoning module AITestSuite (143)
[2017.06.15-22.56.30:070][381]LogModuleManager: Shutting down and abandoning module AIModule (142)
[2017.06.15-22.56.30:070][381]LogModuleManager: Shutting down and abandoning module ProfilerService (141)
[2017.06.15-22.56.30:258][381]LogModuleManager: Shutting down and abandoning module TaskGraph (140)
[2017.06.15-22.56.30:360][381]LogModuleManager: Shutting down and abandoning module SlateRemote (139)
[2017.06.15-22.56.30:360][381]LogModuleManager: Shutting down and abandoning module SteamVRController (138)
[2017.06.15-22.56.30:360][381]LogModuleManager: Shutting down and abandoning module SteamVR (137)
[2017.06.15-22.56.30:360][381]LogModuleManager: Shutting down and abandoning module ProceduralMeshComponentEditor (136)
[2017.06.15-22.56.30:387][381]LogModuleManager: Shutting down and abandoning module ProceduralMeshComponent (135)
[2017.06.15-22.56.30:387][381]LogModuleManager: Shutting down and abandoning module OculusLibrary (134)
[2017.06.15-22.56.30:387][381]LogModuleManager: Shutting down and abandoning module OculusInput (133)
[2017.06.15-22.56.30:387][381]LogModuleManager: Shutting down and abandoning module CustomMeshComponent (132)
[2017.06.15-22.56.30:387][381]LogModuleManager: Shutting down and abandoning module CableComponent (131)
[2017.06.15-22.56.30:387][381]LogModuleManager: Shutting down and abandoning module ArchVisCharacter (130)
[2017.06.15-22.56.30:387][381]LogModuleManager: Shutting down and abandoning module MediaPlayerEditor (129)
[2017.06.15-22.56.30:487][381]LogModuleManager: Shutting down and abandoning module HTML5Networking (128)
[2017.06.15-22.56.30:487][381]LogModuleManager: Shutting down and abandoning module GeometryCacheEd (127)
[2017.06.15-22.56.30:487][381]LogModuleManager: Shutting down and abandoning module GeometryCache (126)
[2017.06.15-22.56.30:487][381]LogModuleManager: Shutting down and abandoning module AlembicLibrary (125)
[2017.06.15-22.56.30:487][381]LogModuleManager: Shutting down and abandoning module AlembicImporter (124)
[2017.06.15-22.56.30:516][381]LogModuleManager: Shutting down and abandoning module SuperSearch (123)
[2017.06.15-22.56.30:516][381]LogModuleManager: Shutting down and abandoning module SuperSearchEditor (122)
[2017.06.15-22.56.30:516][381]LogModuleManager: Shutting down and abandoning module SpeedTreeImporter (121)
[2017.06.15-22.56.30:516][381]LogModuleManager: Shutting down and abandoning module PluginBrowser (120)
[2017.06.15-22.56.30:592][381]LogModuleManager: Shutting down and abandoning module MobileLauncherProfileWizard (119)
[2017.06.15-22.56.30:615][381]LogModuleManager: Shutting down and abandoning module EpicSurvey (118)
[2017.06.15-22.56.30:648][381]LogModuleManager: Shutting down and abandoning module DesktopPlatform (117)
[2017.06.15-22.56.30:704][381]LogModuleManager: Shutting down and abandoning module VisualStudioSourceCodeAccess (116)
[2017.06.15-22.56.30:721][381]LogModuleManager: Shutting down and abandoning module UObjectPlugin (115)
[2017.06.15-22.56.30:721][381]LogModuleManager: Shutting down and abandoning module SubversionSourceControl (114)
[2017.06.15-22.56.30:782][381]LogModuleManager: Shutting down and abandoning module PerforceSourceControl (113)
[2017.06.15-22.56.30:877][381]LogModuleManager: Shutting down and abandoning module SourceControl (112)
[2017.06.15-22.56.30:923][381]LogModuleManager: Shutting down and abandoning module GitSourceControl (111)
[2017.06.15-22.56.30:946][381]LogModuleManager: Shutting down and abandoning module LightPropagationVolumeEditor (110)
[2017.06.15-22.56.30:946][381]LogModuleManager: Shutting down and abandoning module PaperTiledImporter (109)
[2017.06.15-22.56.30:969][381]LogModuleManager: Shutting down and abandoning module PaperSpriteSheetImporter (108)
[2017.06.15-22.56.30:969][381]LogModuleManager: Shutting down and abandoning module MeshPaint (107)
[2017.06.15-22.56.30:969][381]LogModuleManager: Shutting down and abandoning module FbxAutomationBuilderModule (106)
[2017.06.15-22.56.31:018][381]LogModuleManager: Shutting down and abandoning module PixelInspectorModule (105)
[2017.06.15-22.56.31:116][381]LogModuleManager: Shutting down and abandoning module HotReload (104)
[2017.06.15-22.56.31:253][381]LogModuleManager: Shutting down and abandoning module MainFrame (103)
[2017.06.15-22.56.31:253][381]LogModuleManager: Shutting down and abandoning module LevelEditor (102)
[2017.06.15-22.56.31:255][381]LogModuleManager: Shutting down and abandoning module ContentBrowser (101)
[2017.06.15-22.56.31:256][381]LogModuleManager: Shutting down and abandoning module Paper2DEditor (100)
[2017.06.15-22.56.31:332][381]LogModuleManager: Shutting down and abandoning module UdpMessaging (99)
[2017.06.15-22.56.31:433][381]LogModuleManager: Shutting down and abandoning module TcpMessaging (98)
[2017.06.15-22.56.31:565][381]LogModuleManager: Shutting down and abandoning module LightPropagationVolumeRuntime (97)
[2017.06.15-22.56.31:565][381]LogModuleManager: Shutting down and abandoning module AdvancedSessions (96)
[2017.06.15-22.56.31:573][381]LogModuleManager: Shutting down and abandoning module Paper2D (95)
[2017.06.15-22.56.31:619][381]LogModuleManager: Shutting down and abandoning module WindowsMoviePlayer (94)
[2017.06.15-22.56.31:654][381]LogModuleManager: Shutting down and abandoning module WmfMedia (93)
[2017.06.15-22.56.31:677][381]LogModuleManager: Shutting down and abandoning module MediaAssets (92)
[2017.06.15-22.56.31:677][381]LogModuleManager: Shutting down and abandoning module GameLiveStreaming (91)
[2017.06.15-22.56.31:694][381]LogModuleManager: Shutting down and abandoning module GameplayTagsEditor (90)
[2017.06.15-22.56.31:733][381]LogModuleManager: Shutting down and abandoning module VREditor (89)
[2017.06.15-22.56.31:733][381]LogModuleManager: Shutting down and abandoning module GameplayTasksEditor (88)
[2017.06.15-22.56.31:733][381]LogModuleManager: Shutting down and abandoning module PropertyEditor (87)
[2017.06.15-22.56.31:733][381]LogModuleManager: Shutting down and abandoning module BehaviorTreeEditor (86)
[2017.06.15-22.56.31:917][381]LogModuleManager: Shutting down and abandoning module FunctionalTesting (85)
[2017.06.15-22.56.31:917][381]LogModuleManager: Shutting down and abandoning module CollisionAnalyzer (84)
[2017.06.15-22.56.31:977][381]LogModuleManager: Shutting down and abandoning module Sequencer (83)
[2017.06.15-22.56.32:127][381]LogModuleManager: Shutting down and abandoning module WorkspaceMenuStructure (82)
[2017.06.15-22.56.32:127][381]LogModuleManager: Shutting down and abandoning module MessageLog (81)
[2017.06.15-22.56.32:172][381]LogModuleManager: Shutting down and abandoning module AssetTools (80)
[2017.06.15-22.56.32:326][381]LogModuleManager: Shutting down and abandoning module UMGEditor (79)
[2017.06.15-22.56.32:379][381]LogModuleManager: Shutting down and abandoning module UMG (78)
[2017.06.15-22.56.32:449][381]LogModuleManager: Shutting down and abandoning module SlateReflector (77)
[2017.06.15-22.56.32:570][381]LogModuleManager: Shutting down and abandoning module Slate (76)
[2017.06.15-22.56.32:570][381]LogModuleManager: Shutting down and abandoning module EditorStyle (75)
[2017.06.15-22.56.32:654][381]LogModuleManager: Shutting down and abandoning module SourceCodeAccess (74)
[2017.06.15-22.56.32:654][381]LogModuleManager: Shutting down and abandoning module HeadMountedDisplay (73)
[2017.06.15-22.56.32:654][381]LogModuleManager: Shutting down and abandoning module XAudio2 (72)
[2017.06.15-22.56.32:654][381]LogModuleManager: Shutting down and abandoning module Networking (71)
[2017.06.15-22.56.32:654][381]LogModuleManager: Shutting down and abandoning module Core (70)
[2017.06.15-22.56.32:654][381]LogModuleManager: Shutting down and abandoning module DirectoryWatcher (69)
[2017.06.15-22.56.32:654][381]LogDirectoryWatcher: A directory notification for '../../../Engine/Content/' was aborted.
[2017.06.15-22.56.32:655][381]LogDirectoryWatcher: A directory notification for '../../../../../../Users/daviu/Documents/Ted_r2017_1/Content/' was aborted.
[2017.06.15-22.56.32:656][381]LogDirectoryWatcher: A directory notification for '../../../Engine/Plugins/2D/Paper2D/Content/' was aborted.
[2017.06.15-22.56.32:660][381]LogModuleManager: Shutting down and abandoning module AssetRegistry (68)
[2017.06.15-22.56.33:714][381]LogModuleManager: Shutting down and abandoning module KismetCompiler (67)
[2017.06.15-22.56.33:714][381]LogModuleManager: Shutting down and abandoning module PhysXFormats (66)
[2017.06.15-22.56.33:720][381]LogModuleManager: Shutting down and abandoning module MeshUtilities (65)
[2017.06.15-22.56.33:743][381]LogModuleManager: Shutting down and abandoning module DerivedDataCache (64)
[2017.06.15-22.56.33:830][381]LogDerivedDataCache: Shutdown
[2017.06.15-22.56.33:830][381]LogModuleManager: Shutting down and abandoning module VulkanShaderFormat (63)
[2017.06.15-22.56.33:897][381]LogModuleManager: Shutting down and abandoning module ShaderFormatOpenGL (62)
[2017.06.15-22.56.33:941][381]LogModuleManager: Shutting down and abandoning module ShaderFormatD3D (61)
[2017.06.15-22.56.33:972][381]LogModuleManager: Shutting down and abandoning module MetalShaderFormat (60)
[2017.06.15-22.56.34:071][381]LogModuleManager: Shutting down and abandoning module TextureFormatUncompressed (59)
[2017.06.15-22.56.34:071][381]LogModuleManager: Shutting down and abandoning module TextureFormatPVR (58)
[2017.06.15-22.56.34:099][381]LogModuleManager: Shutting down and abandoning module TextureFormatDXT (57)
[2017.06.15-22.56.34:106][381]LogModuleManager: Shutting down and abandoning module TextureFormatIntelISPCTexComp (56)
[2017.06.15-22.56.34:187][381]LogModuleManager: Shutting down and abandoning module ImageWrapper (55)
[2017.06.15-22.56.34:187][381]LogModuleManager: Shutting down and abandoning module TextureFormatASTC (54)
[2017.06.15-22.56.34:187][381]LogModuleManager: Shutting down and abandoning module TextureFormatAndroid (53)
[2017.06.15-22.56.34:187][381]LogModuleManager: Shutting down and abandoning module AudioFormatOpus (52)
[2017.06.15-22.56.34:193][381]LogModuleManager: Shutting down and abandoning module AudioFormatOgg (51)
[2017.06.15-22.56.34:207][381]LogModuleManager: Shutting down and abandoning module AudioFormatADPCM (50)
[2017.06.15-22.56.34:230][381]LogModuleManager: Shutting down and abandoning module LinuxTargetPlatform (49)
[2017.06.15-22.56.34:231][381]LogModuleManager: Shutting down and abandoning module LinuxServerTargetPlatform (48)
[2017.06.15-22.56.34:266][381]LogModuleManager: Shutting down and abandoning module LinuxNoEditorTargetPlatform (47)
[2017.06.15-22.56.34:303][381]LogModuleManager: Shutting down and abandoning module LinuxClientTargetPlatform (46)
[2017.06.15-22.56.34:337][381]LogModuleManager: Shutting down and abandoning module TVOSTargetPlatform (45)
[2017.06.15-22.56.34:338][381]LogModuleManager: Shutting down and abandoning module Messaging (44)
[2017.06.15-22.56.34:338][381]LogModuleManager: Shutting down and abandoning module IOSTargetPlatform (43)
[2017.06.15-22.56.34:338][381]LogModuleManager: Shutting down and abandoning module HTML5TargetPlatform (42)
[2017.06.15-22.56.34:338][381]LogModuleManager: Shutting down and abandoning module Android_PVRTCTargetPlatform (41)
[2017.06.15-22.56.34:338][381]LogModuleManager: Shutting down and abandoning module Android_MultiTargetPlatform (40)
[2017.06.15-22.56.34:338][381]LogModuleManager: Shutting down and abandoning module Android_ETC2TargetPlatform (39)
[2017.06.15-22.56.34:338][381]LogModuleManager: Shutting down and abandoning module Android_ETC1TargetPlatform (38)
[2017.06.15-22.56.34:338][381]LogModuleManager: Shutting down and abandoning module Android_DXTTargetPlatform (37)
[2017.06.15-22.56.34:338][381]LogModuleManager: Shutting down and abandoning module Android_ATCTargetPlatform (36)
[2017.06.15-22.56.34:338][381]LogModuleManager: Shutting down and abandoning module Android_ASTCTargetPlatform (35)
[2017.06.15-22.56.34:338][381]LogModuleManager: Shutting down and abandoning module AndroidTargetPlatform (34)
[2017.06.15-22.56.34:338][381]LogModuleManager: Shutting down and abandoning module WindowsTargetPlatform (33)
[2017.06.15-22.56.34:338][381]LogModuleManager: Shutting down and abandoning module WindowsServerTargetPlatform (32)
[2017.06.15-22.56.34:365][381]LogModuleManager: Shutting down and abandoning module WindowsNoEditorTargetPlatform (31)
[2017.06.15-22.56.34:375][381]LogModuleManager: Shutting down and abandoning module WindowsClientTargetPlatform (30)
[2017.06.15-22.56.34:380][381]LogModuleManager: Shutting down and abandoning module AllDesktopTargetPlatform (29)
[2017.06.15-22.56.34:380][381]LogModuleManager: Shutting down and abandoning module TargetPlatform (28)
[2017.06.15-22.56.34:380][381]LogModuleManager: Shutting down and abandoning module InputCore (27)
[2017.06.15-22.56.34:380][381]LogModuleManager: Shutting down and abandoning module Settings (26)
[2017.06.15-22.56.34:380][381]LogModuleManager: Shutting down and abandoning module OculusRift (25)
[2017.06.15-22.56.34:395][381]LogModuleManager: Shutting down and abandoning module GearVR (24)
[2017.06.15-22.56.34:395][381]LogModuleManager: Shutting down and abandoning module ExampleDeviceProfileSelector (23)
[2017.06.15-22.56.34:395][381]LogModuleManager: Shutting down and abandoning module OnlineBlueprintSupport (22)
[2017.06.15-22.56.34:395][381]LogModuleManager: Shutting down and abandoning module Voice (20)
[2017.06.15-22.56.34:409][381]LogModuleManager: Shutting down and abandoning module OnlineSubsystem (17)
[2017.06.15-22.56.34:409][381]LogOnline:Display: NULL: FOnlineSubsystemNull::Shutdown()
[2017.06.15-22.56.34:449][381]LogOnline:Display: Unloading online subsystem: NULL
[2017.06.15-22.56.34:450][381]LogModuleManager: Shutting down and abandoning module HTTP (16)
[2017.06.15-22.56.34:450][381]LogHttp:Display: Http module shutting down, but needs to wait on 1 outstanding Http requests:
[2017.06.15-22.56.34:450][381]LogHttp:Display: 	verb=[POST] url=[https://datarouter.ol.epicgames.com/datarouter/api/v1/public/data?SessionID=%7B52BA038B-44CF-4915-C550-F19714435AC2%7D&AppID=UEEditor.Rocket.Release&AppVersion=4.13.2-3172292%2B%2B%2BUE4%2BRelease-4.13&UserID=6f3d8d7342b96a33f759bc80ecb8fc39%7C231e1a682d324402890b3ec8e5095e10%7Ce9c95a46-ad68-41da-9b20-16e5b00e5504&AppEnvironment=datacollector-binary&UploadType=eteventstream] status=Processing
[2017.06.15-22.56.34:481][381]LogModuleManager: Shutting down and abandoning module XMPP (15)
[2017.06.15-22.56.34:506][381]LogModuleManager: Shutting down and abandoning module TextureCompressor (14)
[2017.06.15-22.56.34:540][381]LogModuleManager: Shutting down and abandoning module ShaderCore (13)
[2017.06.15-22.56.34:540][381]LogModuleManager: Shutting down and abandoning module Landscape (12)
[2017.06.15-22.56.34:540][381]LogModuleManager: Shutting down and abandoning module SlateRHIRenderer (11)
[2017.06.15-22.56.34:617][381]LogModuleManager: Shutting down and abandoning module OpenGLDrv (10)
[2017.06.15-22.56.34:637][381]LogModuleManager: Shutting down and abandoning module D3D11RHI (9)
[2017.06.15-22.56.34:637][381]LogModuleManager: Shutting down and abandoning module AnimGraphRuntime (8)
[2017.06.15-22.56.34:637][381]LogModuleManager: Shutting down and abandoning module Renderer (7)
[2017.06.15-22.56.34:637][381]LogModuleManager: Shutting down and abandoning module Engine (6)
[2017.06.15-22.56.34:637][381]LogModuleManager: Shutting down and abandoning module CoreUObject (5)
[2017.06.15-22.56.34:637][381]LogModuleManager: Shutting down and abandoning module NetworkFile (4)
[2017.06.15-22.56.34:656][381]LogModuleManager: Shutting down and abandoning module StreamingFile (3)
[2017.06.15-22.56.34:667][381]LogModuleManager: Shutting down and abandoning module SandboxFile (2)
[2017.06.15-22.56.34:678][381]LogModuleManager: Shutting down and abandoning module PakFile (1)
[2017.06.15-22.56.34:770][381]LogExit: Exiting.
[2017.06.15-22.56.34:918][381]Log file closed, 06/15/17 19:56:34
